[0.048s] Invoking command in '/home/ubuntu/Desktop/cartographer_ws/build/anolink': CMAKE_PREFIX_PATH=${CMAKE_PREFIX_PATH}:/opt/ros/foxy /usr/bin/cmake --build /home/ubuntu/Desktop/cartographer_ws/build/anolink -- -j2 -l2
[0.429s] [35m[1mScanning dependencies of target anolink[0m
[0.765s] [  9%] [32mBuilding CXX object CMakeFiles/anolink.dir/src/anolink.cpp.o[0m
[10.308s] In file included from [01m[K/home/ubuntu/Desktop/cartographer_ws/src/anolink/src/anolink.cpp:1[m[K:
[10.309s] [01m[K/home/ubuntu/Desktop/cartographer_ws/src/anolink/include/anolink.hpp:59:22:[m[K [01;31m[Kerror: [m[Kâ€˜[01m[KSharedPtr[m[Kâ€™ in â€˜[01m[Kclass tf2_ros::Buffer[m[Kâ€™ does not name a type
[10.309s]    59 |     tf2_ros::Buffer::[01;31m[KSharedPtr[m[K m_tfBuf;
[10.309s]       |                      [01;31m[K^~~~~~~~~[m[K
[11.201s] [01m[K/home/ubuntu/Desktop/cartographer_ws/src/anolink/src/anolink.cpp:[m[K In constructor â€˜[01m[KAnoLink::AnoLink(std::string)[m[Kâ€™:
[11.201s] [01m[K/home/ubuntu/Desktop/cartographer_ws/src/anolink/src/anolink.cpp:33:5:[m[K [01;31m[Kerror: [m[Kâ€˜[01m[Km_tfBuf[m[Kâ€™ was not declared in this scope
[11.202s]    33 |     [01;31m[Km_tfBuf[m[K = std::make_unique<tf2_ros::Buffer>(this->get_clock());
[11.202s]       |     [01;31m[K^~~~~~~[m[K
[11.380s] [01m[K/home/ubuntu/Desktop/cartographer_ws/src/anolink/src/anolink.cpp:[m[K In member function â€˜[01m[Kvoid AnoLink::tfListenerCheck()[m[Kâ€™:
[11.380s] [01m[K/home/ubuntu/Desktop/cartographer_ws/src/anolink/src/anolink.cpp:68:15:[m[K [01;31m[Kerror: [m[Kâ€˜[01m[Km_tfBuf[m[Kâ€™ was not declared in this scope
[11.380s]    68 |         _tf = [01;31m[Km_tfBuf[m[K->lookupTransform("toFrameRel", "fromFrameRel", tf2::TimePointZero);
[11.380s]       |               [01;31m[K^~~~~~~[m[K
[23.221s] make[2]: *** [CMakeFiles/anolink.dir/build.make:63: CMakeFiles/anolink.dir/src/anolink.cpp.o] Error 1
[23.221s] make[1]: *** [CMakeFiles/Makefile2:78: CMakeFiles/anolink.dir/all] Error 2
[23.222s] make: *** [Makefile:141: all] Error 2
[23.242s] Invoked command in '/home/ubuntu/Desktop/cartographer_ws/build/anolink' returned '2': CMAKE_PREFIX_PATH=${CMAKE_PREFIX_PATH}:/opt/ros/foxy /usr/bin/cmake --build /home/ubuntu/Desktop/cartographer_ws/build/anolink -- -j2 -l2
