In file included from [01m[K/home/ubuntu/Desktop/cartographer_ws/src/anolink/src/anolink.cpp:1[m[K:
[01m[K/home/ubuntu/Desktop/cartographer_ws/src/anolink/include/anolink.hpp:59:22:[m[K [01;31m[Kerror: [m[Kâ€˜[01m[KSharedPtr[m[Kâ€™ in â€˜[01m[Kclass tf2_ros::Buffer[m[Kâ€™ does not name a type
   59 |     tf2_ros::Buffer::[01;31m[KSharedPtr[m[K m_tfBuf;
      |                      [01;31m[K^~~~~~~~~[m[K
[01m[K/home/ubuntu/Desktop/cartographer_ws/src/anolink/src/anolink.cpp:[m[K In constructor â€˜[01m[KAnoLink::AnoLink(std::string)[m[Kâ€™:
[01m[K/home/ubuntu/Desktop/cartographer_ws/src/anolink/src/anolink.cpp:33:5:[m[K [01;31m[Kerror: [m[Kâ€˜[01m[Km_tfBuf[m[Kâ€™ was not declared in this scope
   33 |     [01;31m[Km_tfBuf[m[K = std::make_unique<tf2_ros::Buffer>(this->get_clock());
      |     [01;31m[K^~~~~~~[m[K
[01m[K/home/ubuntu/Desktop/cartographer_ws/src/anolink/src/anolink.cpp:[m[K In member function â€˜[01m[Kvoid AnoLink::tfListenerCheck()[m[Kâ€™:
[01m[K/home/ubuntu/Desktop/cartographer_ws/src/anolink/src/anolink.cpp:68:15:[m[K [01;31m[Kerror: [m[Kâ€˜[01m[Km_tfBuf[m[Kâ€™ was not declared in this scope
   68 |         _tf = [01;31m[Km_tfBuf[m[K->lookupTransform("toFrameRel", "fromFrameRel", tf2::TimePointZero);
      |               [01;31m[K^~~~~~~[m[K
make[2]: *** [CMakeFiles/anolink.dir/build.make:63: CMakeFiles/anolink.dir/src/anolink.cpp.o] Error 1
make[1]: *** [CMakeFiles/Makefile2:78: CMakeFiles/anolink.dir/all] Error 2
make: *** [Makefile:141: all] Error 2
